[2014-08-05 10:26:48] Service.INFO: making request to:  {"url":0} []
[2014-08-05 10:26:48] Service.ERROR: request error {"exception":"Exception","message":"Cannot access external stock service.</br>Error was: file_get_contents(0): failed to open stream: No such file or directory</br>Response Header[0]: ","trace":"#0 /var/www/html/meumobi/services.meumobi/public/services/Service.php(26): Service->request(0)\n#1 /var/www/html/meumobi/services.meumobi/public/services/RedirectService.php(27): Service->call(0)\n#2 /var/www/html/meumobi/services.meumobi/public/services/RedirectService.php(14): RedirectService->redirectToItem('http://www.180b...', 'template.com')\n#3 /var/www/html/meumobi/services.meumobi/public/redirect/index.php(10): RedirectService->run('http://www.180b...', 'template.com')\n#4 {main}"} []
[2014-08-05 10:26:48] Service.INFO: using cached response: no [] []
[2014-08-05 10:26:48] Service.ERROR: service error: Cannot access external stock service.</br>Error was: file_get_contents(0): failed to open stream: No such file or directory</br>Response Header[0]:  [] []
[2014-08-05 10:35:21] Service.INFO: making request to:  {"url":"http://mobi.com/api/template.com/items/search/?link=http://www.180back.com/surf/breves-surf/rip-curl-gromsearch-2014-a-anglet-la-video-16112/"} []
[2014-08-05 10:35:26] Service.INFO: finished stock action {"parameters":{"url":"http://www.180back.com/surf/breves-surf/rip-curl-gromsearch-2014-a-anglet-la-video-16112/","domain":"template.com"},"elapsed_time":5.1613779067993} []
[2014-08-05 10:35:37] Service.INFO: making request to:  {"url":"http://mobi.com/api/template.com/items/search/?link=http://www.180back.com/surf/breves-surf/rip-curl-gromsearch-2014-a-anglet-la-video-16112/"} []
[2014-08-05 10:35:42] Service.INFO: finished stock action {"parameters":{"url":"http://www.180back.com/surf/breves-surf/rip-curl-gromsearch-2014-a-anglet-la-video-16112/","domain":"template.com"},"elapsed_time":5.0274159908295} []
[2014-08-05 10:36:17] Service.INFO: making request to:  {"url":"http://mobi.com/api/template.com/items/search/?link=http://www.180back.com/surf/breves-surf/rip-curl-gromsearch-2014-a-anglet-la-video-16112/"} []
[2014-08-05 10:36:22] Service.INFO: finished stock action {"parameters":{"url":"http://www.180back.com/surf/breves-surf/rip-curl-gromsearch-2014-a-anglet-la-video-16112/","domain":"template.com"},"elapsed_time":5.0421631336212} []
[2014-08-05 10:36:32] Service.INFO: making request to:  {"url":"http://mobi.com/api/template.com/items/search/?link=http://www.180back.com/surf/breves-surf/rip-curl-gromsearch-2014-a-anglet-la-video-16112/"} []
[2014-08-05 10:43:08] Service.INFO: making request to:  {"url":"http://mobi.com/api/template.com/items/search/?link=http://www.180back.com/surf/breves-surf/rip-curl-gromsearch-2014-a-anglet-la-video-16112/"} []
[2014-08-05 10:43:29] Service.INFO: making request to:  {"url":"http://mobi.com/api/template.com/items/search/?link=http://www.180back.com/surf/breves-surf/rip-curl-gromsearch-2014-a-anglet-la-video-16112/"} []
[2014-08-05 10:43:42] Service.INFO: making request to:  {"url":"http://mobi.com/api/template.com/items/search/?link=http://www.180back.com/surf/breves-surf/rip-curl-gromsearch-2014-a-anglet-la-video-16112/"} []
[2014-08-05 10:44:40] Service.INFO: making request to:  {"url":"http://mobi.com/api/template.com/items/search/?link=http://www.180back.com/surf/breves-surf/rip-curl-gromsearch-2014-a-anglet-la-video-16112/"} []
[2014-08-05 10:44:45] Service.INFO: finished stock action {"parameters":{"url":"http://www.180back.com/surf/breves-surf/rip-curl-gromsearch-2014-a-anglet-la-video-16112/","domain":"template.com"},"elapsed_time":5.0391969680786} []
[2014-08-05 10:45:24] Service.INFO: making request to:  {"url":"http://mobi.com/api/template.com/items/search/?link=http://www.180back.com/surf/breves-surf/rip-curl-gromsearch-2014-a-anglet-la-video-16112/"} []
[2014-08-05 10:45:29] Service.INFO: finished stock action {"parameters":{"url":"http://www.180back.com/surf/breves-surf/rip-curl-gromsearch-2014-a-anglet-la-video-16112/","domain":"template.com"},"elapsed_time":5.0324168205261} []
[2014-08-05 10:46:01] Service.INFO: making request to:  {"url":"http://mobi.com/api/template.com/items/search/?link=http://www.180back.com/surf/breves-surf/rip-curl-gromsearch-2014-a-anglet-la-video-16112/"} []
[2014-08-05 10:46:06] Service.INFO: finished stock action {"parameters":{"url":"http://www.180back.com/surf/breves-surf/rip-curl-gromsearch-2014-a-anglet-la-video-16112/","domain":"template.com"},"elapsed_time":5.0318419933319} []
[2014-08-05 10:46:26] Service.INFO: making request to:  {"url":"http://mobi.com/api/template.com/items/search/?link=http://www.180back.com/surf/breves-surf/rip-curl-gromsearch-2014-a-anglet-la-video-16112/"} []
[2014-08-05 10:46:31] Service.INFO: finished stock action {"parameters":{"url":"http://www.180back.com/surf/breves-surf/rip-curl-gromsearch-2014-a-anglet-la-video-16112/","domain":"template.com"},"elapsed_time":5.0352580547333} []
[2014-08-05 10:46:35] Service.INFO: making request to:  {"url":"http://mobi.com/api/template.com/items/search/?link=http://www.180back.com/surf/breves-surf/rip-curl-gromsearch-2014-a-anglet-la-video-16112/"} []
[2014-08-05 10:46:40] Service.INFO: finished stock action {"parameters":{"url":"http://www.180back.com/surf/breves-surf/rip-curl-gromsearch-2014-a-anglet-la-video-16112/","domain":"template.com"},"elapsed_time":5.0320589542389} []
[2014-08-05 10:46:51] Service.INFO: making request to:  {"url":"http://mobi.com/api/template.com/items/search/?link=http://www.180back.com/surf/breves-surf/rip-curl-gromsearch-2014-a-anglet-la-video-16112/"} []
[2014-08-05 10:46:51] Service.INFO: making request to:  {"url":"http://mobi.com/api/template.com/items/search/?link=http://www.180back.com/surf/breves-surf/rip-curl-gromsearch-2014-a-anglet-la-video-16112/"} []
[2014-08-05 10:46:56] Service.INFO: finished stock action {"parameters":{"url":"http://www.180back.com/surf/breves-surf/rip-curl-gromsearch-2014-a-anglet-la-video-16112/","domain":"template.com"},"elapsed_time":5.0310070514679} []
[2014-08-05 10:46:56] Service.INFO: finished stock action {"parameters":{"url":"http://www.180back.com/surf/breves-surf/rip-curl-gromsearch-2014-a-anglet-la-video-16112/","domain":"template.com"},"elapsed_time":5.0430099964142} []
[2014-08-05 10:47:58] Service.INFO: making request to:  {"url":"http://mobi.com/api/template.com/items/search/?link=http://www.180back.com/surf/breves-surf/rip-curl-gromsearch-2014-a-anglet-la-video-16112/"} []
[2014-08-05 10:48:40] Service.INFO: making request to:  {"url":"http://mobi.com/api/template.com/items/search/?link=http://www.180back.com/surf/breves-surf/rip-curl-gromsearch-2014-a-anglet-la-video-16112/"} []
[2014-08-05 10:49:02] Service.INFO: making request to:  {"url":"http://mobi.com/api/template.com/items/search/?link=http://www.180back.com/surf/breves-surf/rip-curl-gromsearch-2014-a-anglet-la-video-16112/"} []
[2014-08-05 10:49:29] Service.INFO: making request to:  {"url":"http://mobi.com/api/template.com/items/search/?link=http://www.180back.com/surf/breves-surf/rip-curl-gromsearch-2014-a-anglet-la-video-16112/"} []
[2014-08-05 10:49:43] Service.INFO: making request to:  {"url":"http://mobi.com/api/template.com/items/search/?link=http://www.180back.com/surf/breves-surf/rip-curl-gromsearch-2014-a-anglet-la-video-16112/"} []
[2014-08-05 10:51:58] Service.INFO: making request to:  {"url":"http://mobi.com/api/template.com/items/search/?link=http://www.180back.com/surf/breves-surf/rip-curl-gromsearch-2014-a-anglet-la-video-16112/"} []
[2014-08-05 10:52:33] Service.INFO: making request to:  {"url":"http://mobi.com/api/template.com/items/search/?link=http://www.180back.com/surf/breves-surf/rip-curl-gromsearch-2014-a-anglet-la-video-16112/"} []
[2014-08-05 10:52:51] Service.INFO: making request to:  {"url":"http://mobi.com/api/template.com/items/search/?link=http://www.180back.com/surf/breves-surf/rip-curl-gromsearch-2014-a-anglet-la-video-16112/"} []
[2014-08-05 10:53:18] Service.INFO: making request to:  {"url":"http://mobi.com/api/template.com/items/search/?link=http://www.180back.com/surf/breves-surf/rip-curl-gromsearch-2014-a-anglet-la-video-16112/"} []
[2014-08-05 10:53:18] Service.INFO: making request to:  {"url":"http://mobi.com/api/template.com/items/search/?link=http://www.180back.com/surf/breves-surf/rip-curl-gromsearch-2014-a-anglet-la-video-16112/"} []
[2014-08-05 10:53:23] Service.INFO: finished stock action {"parameters":{"url":"http://www.180back.com/surf/breves-surf/rip-curl-gromsearch-2014-a-anglet-la-video-16112/","domain":"template.com"},"elapsed_time":5.0452508926392} []
[2014-08-05 10:53:23] Service.INFO: finished stock action {"parameters":{"url":"http://www.180back.com/surf/breves-surf/rip-curl-gromsearch-2014-a-anglet-la-video-16112/","domain":"template.com"},"elapsed_time":5.0342378616333} []
[2014-08-05 10:54:02] Service.INFO: making request to:  {"url":"http://mobi.com/api/template.com/items/search/?link=http://www.180back.com/surf/breves-surf/rip-curl-gromsearch-2014-a-anglet-la-video-16112/"} []
[2014-08-05 10:54:02] Service.INFO: making request to:  {"url":"http://mobi.com/api/template.com/items/search/?link=http://www.180back.com/surf/breves-surf/rip-curl-gromsearch-2014-a-anglet-la-video-16112/"} []
[2014-08-05 10:54:07] Service.INFO: finished stock action {"parameters":{"url":"http://www.180back.com/surf/breves-surf/rip-curl-gromsearch-2014-a-anglet-la-video-16112/","domain":"template.com"},"elapsed_time":5.0237140655518} []
[2014-08-05 10:54:07] Service.INFO: finished stock action {"parameters":{"url":"http://www.180back.com/surf/breves-surf/rip-curl-gromsearch-2014-a-anglet-la-video-16112/","domain":"template.com"},"elapsed_time":5.0298209190369} []
[2014-08-05 11:18:07] Service.INFO: finished stock action {"parameters":{"url":"http://www.180back.com/surf/breves-surf/rip-curl-gromsearch-2014-a-anglet-la-video-16112/","domain":"template.com"},"elapsed_time":0.079246044158936} []
[2014-08-05 11:18:21] Service.INFO: finished stock action {"parameters":{"url":"http://www.180back.com/surf/breves-surf/rip-curl-gromsearch-2014-a-anglet-la-video-16112/","domain":"template.com"},"elapsed_time":0.00025177001953125} []
[2014-08-05 11:18:24] Service.INFO: finished stock action {"parameters":{"url":"http://www.180back.com/surf/breves-surf/rip-curl-gromsearch-2014-a-anglet-la-video-16112/","domain":"template.com"},"elapsed_time":0.00027799606323242} []
[2014-08-05 11:18:43] Service.INFO: finished stock action {"parameters":{"url":"http://www.180back.com/surf/breves-surf/rip-curl-gromsearch-2014-a-anglet-la-video-16112/","domain":"template.com"},"elapsed_time":0.00037217140197754} []
[2014-08-05 11:18:45] Service.INFO: finished stock action {"parameters":{"url":"http://www.180back.com/surf/breves-surf/rip-curl-gromsearch-2014-a-anglet-la-video-16112/","domain":"template.com"},"elapsed_time":0.00046896934509277} []
[2014-08-05 11:20:21] Service.INFO: finished stock action {"parameters":{"url":"http://www.180back.com/surf/breves-surf/rip-curl-gromsearch-2014-a-anglet-la-video-16112/","domain":"template.com"},"elapsed_time":0.00038790702819824} []
[2014-08-05 11:22:27] Service.INFO: finished stock action {"parameters":{"url":"http://www.180back.com/surf/breves-surf/rip-curl-gromsearch-2014-a-anglet-la-video-16112/","domain":"template.com"},"elapsed_time":0.00030994415283203} []
[2014-08-05 11:23:49] Service.INFO: making request to:  {"url":"http://mobi.com/api/template.com/items/search/?link=http://www.180back.com/jeux-concours/jeu-concours-xsories-16076/"} []
[2014-08-05 11:23:54] Service.INFO: finished stock action {"parameters":{"url":"http://www.180back.com/jeux-concours/jeu-concours-xsories-16076/","domain":"template.com"},"elapsed_time":5.1627070903778} []
[2014-08-05 11:24:16] Service.INFO: finished stock action {"parameters":{"url":"http://www.180back.com/jeux-concours/jeu-concours-xsories-16076/","domain":"template.com"},"elapsed_time":0.00024795532226562} []
[2014-08-05 11:24:31] Service.INFO: making request to:  {"url":"http://mobi.com/api/template.com/items/search/?link=http://www.180back.com/surf/breves"} []
[2014-08-05 11:24:36] Service.INFO: finished stock action {"parameters":{"url":"http://www.180back.com/surf/breves","domain":"template.com"},"elapsed_time":5.0462589263916} []
[2014-08-05 11:25:22] Service.INFO: finished stock action {"parameters":{"url":"http://www.180back.com/surf/breves","domain":"template.com"},"elapsed_time":0.00067615509033203} []
[2014-08-05 11:28:55] Service.ERROR: service error: Can't find item for url: http://mobi.com/api/template.com/items/search/?link=http://www.180back.com/surf/breves [] []
[2014-08-05 11:29:31] Service.INFO: finished stock action {"parameters":{"url":"http://www.180back.com/surf/breves-surf/rip-curl-gromsearch-2014-a-anglet-la-video-16112/","domain":"template.com"},"elapsed_time":0.00039005279541016} []
[2014-08-05 11:29:32] Service.INFO: finished stock action {"parameters":{"url":"http://www.180back.com/surf/breves-surf/rip-curl-gromsearch-2014-a-anglet-la-video-16112/","domain":"template.com"},"elapsed_time":0.00038599967956543} []
[2014-08-05 12:42:52] Service.ERROR: service error: Can't find item for url: http://mobi.com/api/template.com/items/search/?link=http://www.180back.com/surf/breves [] []
[2014-08-05 12:43:16] Service.INFO: finished redirect {"parameters":{"url":"http://www.180back.com/surf/breves-surf/rip-curl-gromsearch-2014-a-anglet-la-video-16112/","domain":"template.com"},"elapsed_time":0.00060391426086426} []
[2014-08-05 12:43:40] Service.INFO: finished redirect {"parameters":{"url":"http://www.180back.com/surf/breves-surf/rip-curl-gromsearch-2014-a-anglet-la-video-16112/","domain":"template.com"},"elapsed_time":0.0003819465637207} []
[2014-08-05 12:43:42] Service.INFO: finished redirect {"parameters":{"url":"http://www.180back.com/surf/breves-surf/rip-curl-gromsearch-2014-a-anglet-la-video-16112/","domain":"template.com"},"elapsed_time":0.00023984909057617} []
